Using pre-set license
Built from '2020.3/staging' branch; Version is '2020.3.26f1 (7298b473bc1a) revision 7510196'; Using compiler version '192528614'; Build Type 'Release'
OS: 'Windows 10  (10.0.19044) 64bit Core' Language: 'en' Physical Memory: 16313 MB
BatchMode: 1, IsHumanControllingUs: 0, StartBugReporterOnCrash: 0, Is64bit: 1, IsPro: 0

COMMAND LINE ARGUMENTS:
C:\Program Files\Unity\Hub\Editor\2020.3.26f1\Editor\Unity.exe
-adb2
-batchMode
-noUpm
-name
AssetImportWorker0
-projectPath
C:/Users/alroc/Desktop/unity/3D Boid Simulation
-logFile
Logs/AssetImportWorker0.log
-srvPort
61164
Successfully changed project path to: C:/Users/alroc/Desktop/unity/3D Boid Simulation
C:/Users/alroc/Desktop/unity/3D Boid Simulation
Using Asset Import Pipeline V2.
Refreshing native plugins compatible for Editor in 75.24 ms, found 2 plugins.
Preloading 0 native plugins for Editor in 0.00 ms.
Initialize engine version: 2020.3.26f1 (7298b473bc1a)
[Subsystems] Discovering subsystems at path C:/Program Files/Unity/Hub/Editor/2020.3.26f1/Editor/Data/Resources/UnitySubsystems
[Subsystems] Discovering subsystems at path C:/Users/alroc/Desktop/unity/3D Boid Simulation/Assets
GfxDevice: creating device client; threaded=0
Direct3D:
    Version:  Direct3D 11.0 [level 11.1]
    Renderer: NVIDIA GeForce RTX 2070 SUPER (ID=0x1e84)
    Vendor:   
    VRAM:     8011 MB
    Driver:   30.0.15.1277
Initialize mono
Mono path[0] = 'C:/Program Files/Unity/Hub/Editor/2020.3.26f1/Editor/Data/Managed'
Mono path[1] = 'C:/Program Files/Unity/Hub/Editor/2020.3.26f1/Editor/Data/MonoBleedingEdge/lib/mono/unityjit'
Mono config path = 'C:/Program Files/Unity/Hub/Editor/2020.3.26f1/Editor/Data/MonoBleedingEdge/etc'
Using monoOptions --debugger-agent=transport=dt_socket,embedding=1,server=y,suspend=n,address=127.0.0.1:56404
Begin MonoManager ReloadAssembly
Registering precompiled unity dll's ...
Register platform support module: C:/Program Files/Unity/Hub/Editor/2020.3.26f1/Editor/Data/PlaybackEngines/WebGLSupport/UnityEditor.WebGL.Extensions.dll
Register platform support module: C:/Program Files/Unity/Hub/Editor/2020.3.26f1/Editor/Data/PlaybackEngines/WindowsStandaloneSupport/UnityEditor.WindowsStandalone.Extensions.dll
Registered in 0.001944 seconds.
Native extension for WindowsStandalone target not found
Native extension for WebGL target not found
Refreshing native plugins compatible for Editor in 70.23 ms, found 2 plugins.
Preloading 0 native plugins for Editor in 0.00 ms.
Mono: successfully reloaded assembly
- Completed reload, in  0.503 seconds
Domain Reload Profiling:
	ReloadAssembly (503ms)
		BeginReloadAssembly (42ms)
			ExecutionOrderSort (0ms)
			DisableScriptedObjects (0ms)
			BackupInstance (0ms)
			ReleaseScriptingObjects (0ms)
			CreateAndSetChildDomain (1ms)
		EndReloadAssembly (399ms)
			LoadAssemblies (40ms)
			RebuildTransferFunctionScriptingTraits (0ms)
			SetupTypeCache (124ms)
			ReleaseScriptCaches (0ms)
			RebuildScriptCaches (23ms)
			SetupLoadedEditorAssemblies (171ms)
				LogAssemblyErrors (0ms)
				InitializePlatformSupportModulesInManaged (4ms)
				SetLoadedEditorAssemblies (0ms)
				RefreshPlugins (70ms)
				BeforeProcessingInitializeOnLoad (13ms)
				ProcessInitializeOnLoadAttributes (63ms)
				ProcessInitializeOnLoadMethodAttributes (21ms)
				AfterProcessingInitializeOnLoad (0ms)
				EditorAssembliesLoaded (0ms)
			ExecutionOrderSort2 (0ms)
			AwakeInstancesAfterBackupRestoration (0ms)
Platform modules already initialized, skipping
Registering precompiled user dll's ...
Registered in 0.004067 seconds.
Begin MonoManager ReloadAssembly
Native extension for WindowsStandalone target not found
Native extension for WebGL target not found
Refreshing native plugins compatible for Editor in 76.89 ms, found 2 plugins.
Preloading 0 native plugins for Editor in 0.00 ms.
Mono: successfully reloaded assembly
- Completed reload, in  1.354 seconds
Domain Reload Profiling:
	ReloadAssembly (1355ms)
		BeginReloadAssembly (117ms)
			ExecutionOrderSort (0ms)
			DisableScriptedObjects (3ms)
			BackupInstance (0ms)
			ReleaseScriptingObjects (0ms)
			CreateAndSetChildDomain (17ms)
		EndReloadAssembly (1186ms)
			LoadAssemblies (84ms)
			RebuildTransferFunctionScriptingTraits (0ms)
			SetupTypeCache (354ms)
			ReleaseScriptCaches (1ms)
			RebuildScriptCaches (70ms)
			SetupLoadedEditorAssemblies (574ms)
				LogAssemblyErrors (0ms)
				InitializePlatformSupportModulesInManaged (3ms)
				SetLoadedEditorAssemblies (0ms)
				RefreshPlugins (77ms)
				BeforeProcessingInitializeOnLoad (98ms)
				ProcessInitializeOnLoadAttributes (255ms)
				ProcessInitializeOnLoadMethodAttributes (133ms)
				AfterProcessingInitializeOnLoad (7ms)
				EditorAssembliesLoaded (0ms)
			ExecutionOrderSort2 (0ms)
			AwakeInstancesAfterBackupRestoration (7ms)
Platform modules already initialized, skipping
========================================================================
Worker process is ready to serve import requests
Launched and connected shader compiler UnityShaderCompiler.exe after 0.06 seconds
Refreshing native plugins compatible for Editor in 1.68 ms, found 2 plugins.
Preloading 0 native plugins for Editor in 0.00 ms.
Unloading 4227 Unused Serialized files (Serialized files now loaded: 0)
System memory in use before: 196.1 MB.
System memory in use after: 196.4 MB.

Unloading 24 unused Assets to reduce memory usage. Loaded Objects now: 4676.
Total: 7.905800 ms (FindLiveObjects: 1.356000 ms CreateObjectMapping: 0.788600 ms MarkObjects: 5.637500 ms  DeleteObjects: 0.119800 ms)

AssetImportParameters requested are different than current active one (requested -> active):
  custom:framework-win-MediaFoundation: 216162199b28c13a410421893ffa2e32 -> 
  custom:video-decoder-ogg-theora: a1e56fd34408186e4bbccfd4996cb3dc -> 
  custom:container-muxer-webm: aa71ff27fc2769a1b78a27578f13a17b -> 
  custom:container-demuxer-webm: 4f35f7cbe854078d1ac9338744f61a02 -> 
  custom:container-demuxer-ogg: 62fdf1f143b41e24485cea50d1cbac27 -> 
  custom:video-encoder-webm-vp8: eb34c28f22e8b96e1ab97ce403110664 -> 
  custom:video-decoder-webm-vp8: 9c59270c3fd7afecdb556c50c9e8de78 -> 
  custom:audio-decoder-ogg-vorbis: bf7c407c2cedff20999df2af8eb42d56 -> 
  custom:audio-encoder-webm-vorbis: bf7c407c2cedff20999df2af8eb42d56 -> 
========================================================================
Received Import Request.
  path: Assets/Scenes/Boids - Base.unity
  artifactKey: Guid(61c05e8153adebd43a3ff9128308b712) Importer(815301076,1909f56bfc062723c751e8b465ee728b)
Start importing Assets/Scenes/Boids - Base.unity using Guid(61c05e8153adebd43a3ff9128308b712) Importer(815301076,1909f56bfc062723c751e8b465ee728b)  -> (artifact id: 'ddb81e19263dfdcfa93bcb219d316c42') in 0.032941 seconds 
  Import took 0.045096 seconds .

========================================================================
Received Prepare
Registering precompiled user dll's ...
Registered in 0.003937 seconds.
Begin MonoManager ReloadAssembly
Native extension for WindowsStandalone target not found
Native extension for WebGL target not found
Refreshing native plugins compatible for Editor in 1.04 ms, found 2 plugins.
Preloading 0 native plugins for Editor in 0.00 ms.
Mono: successfully reloaded assembly
- Completed reload, in  1.128 seconds
Domain Reload Profiling:
	ReloadAssembly (1129ms)
		BeginReloadAssembly (150ms)
			ExecutionOrderSort (0ms)
			DisableScriptedObjects (4ms)
			BackupInstance (0ms)
			ReleaseScriptingObjects (0ms)
			CreateAndSetChildDomain (62ms)
		EndReloadAssembly (923ms)
			LoadAssemblies (93ms)
			RebuildTransferFunctionScriptingTraits (0ms)
			SetupTypeCache (316ms)
			ReleaseScriptCaches (2ms)
			RebuildScriptCaches (55ms)
			SetupLoadedEditorAssemblies (329ms)
				LogAssemblyErrors (0ms)
				InitializePlatformSupportModulesInManaged (4ms)
				SetLoadedEditorAssemblies (0ms)
				RefreshPlugins (1ms)
				BeforeProcessingInitializeOnLoad (80ms)
				ProcessInitializeOnLoadAttributes (229ms)
				ProcessInitializeOnLoadMethodAttributes (10ms)
				AfterProcessingInitializeOnLoad (5ms)
				EditorAssembliesLoaded (0ms)
			ExecutionOrderSort2 (0ms)
			AwakeInstancesAfterBackupRestoration (13ms)
Platform modules already initialized, skipping
Refreshing native plugins compatible for Editor in 0.68 ms, found 2 plugins.
Preloading 0 native plugins for Editor in 0.00 ms.
Unloading 3946 Unused Serialized files (Serialized files now loaded: 0)
System memory in use before: 181.4 MB.
System memory in use after: 181.6 MB.

Unloading 17 unused Assets to reduce memory usage. Loaded Objects now: 4678.
Total: 2.961800 ms (FindLiveObjects: 0.264300 ms CreateObjectMapping: 0.181800 ms MarkObjects: 2.501300 ms  DeleteObjects: 0.013700 ms)

AssetImportParameters requested are different than current active one (requested -> active):
  custom:framework-win-MediaFoundation: 216162199b28c13a410421893ffa2e32 -> 
  custom:video-decoder-ogg-theora: a1e56fd34408186e4bbccfd4996cb3dc -> 
  custom:container-muxer-webm: aa71ff27fc2769a1b78a27578f13a17b -> 
  custom:container-demuxer-webm: 4f35f7cbe854078d1ac9338744f61a02 -> 
  custom:container-demuxer-ogg: 62fdf1f143b41e24485cea50d1cbac27 -> 
  custom:video-encoder-webm-vp8: eb34c28f22e8b96e1ab97ce403110664 -> 
  custom:video-decoder-webm-vp8: 9c59270c3fd7afecdb556c50c9e8de78 -> 
  custom:audio-decoder-ogg-vorbis: bf7c407c2cedff20999df2af8eb42d56 -> 
  custom:audio-encoder-webm-vorbis: bf7c407c2cedff20999df2af8eb42d56 -> 
========================================================================
Received Prepare
Registering precompiled user dll's ...
Registered in 0.003862 seconds.
Begin MonoManager ReloadAssembly
Native extension for WindowsStandalone target not found
Native extension for WebGL target not found
Refreshing native plugins compatible for Editor in 0.68 ms, found 2 plugins.
Preloading 0 native plugins for Editor in 0.00 ms.
Mono: successfully reloaded assembly
- Completed reload, in  1.094 seconds
Domain Reload Profiling:
	ReloadAssembly (1094ms)
		BeginReloadAssembly (119ms)
			ExecutionOrderSort (0ms)
			DisableScriptedObjects (4ms)
			BackupInstance (0ms)
			ReleaseScriptingObjects (0ms)
			CreateAndSetChildDomain (44ms)
		EndReloadAssembly (923ms)
			LoadAssemblies (74ms)
			RebuildTransferFunctionScriptingTraits (0ms)
			SetupTypeCache (308ms)
			ReleaseScriptCaches (1ms)
			RebuildScriptCaches (54ms)
			SetupLoadedEditorAssemblies (340ms)
				LogAssemblyErrors (0ms)
				InitializePlatformSupportModulesInManaged (4ms)
				SetLoadedEditorAssemblies (0ms)
				RefreshPlugins (1ms)
				BeforeProcessingInitializeOnLoad (78ms)
				ProcessInitializeOnLoadAttributes (242ms)
				ProcessInitializeOnLoadMethodAttributes (9ms)
				AfterProcessingInitializeOnLoad (5ms)
				EditorAssembliesLoaded (0ms)
			ExecutionOrderSort2 (0ms)
			AwakeInstancesAfterBackupRestoration (15ms)
Platform modules already initialized, skipping
Refreshing native plugins compatible for Editor in 1.24 ms, found 2 plugins.
Preloading 0 native plugins for Editor in 0.00 ms.
Unloading 3945 Unused Serialized files (Serialized files now loaded: 0)
System memory in use before: 181.4 MB.
System memory in use after: 181.7 MB.

Unloading 18 unused Assets to reduce memory usage. Loaded Objects now: 4679.
Total: 3.775800 ms (FindLiveObjects: 0.410800 ms CreateObjectMapping: 0.212100 ms MarkObjects: 3.135200 ms  DeleteObjects: 0.016400 ms)

AssetImportParameters requested are different than current active one (requested -> active):
  custom:framework-win-MediaFoundation: 216162199b28c13a410421893ffa2e32 -> 
  custom:video-decoder-ogg-theora: a1e56fd34408186e4bbccfd4996cb3dc -> 
  custom:container-muxer-webm: aa71ff27fc2769a1b78a27578f13a17b -> 
  custom:container-demuxer-webm: 4f35f7cbe854078d1ac9338744f61a02 -> 
  custom:container-demuxer-ogg: 62fdf1f143b41e24485cea50d1cbac27 -> 
  custom:video-encoder-webm-vp8: eb34c28f22e8b96e1ab97ce403110664 -> 
  custom:video-decoder-webm-vp8: 9c59270c3fd7afecdb556c50c9e8de78 -> 
  custom:audio-decoder-ogg-vorbis: bf7c407c2cedff20999df2af8eb42d56 -> 
  custom:audio-encoder-webm-vorbis: bf7c407c2cedff20999df2af8eb42d56 -> 
========================================================================
Received Import Request.
  Time since last request: 429.961186 seconds.
  path: Assets/Scenes/2022
  artifactKey: Guid(598eeb9796b2a204ba30a2121ca74325) Importer(815301076,1909f56bfc062723c751e8b465ee728b)
Start importing Assets/Scenes/2022 using Guid(598eeb9796b2a204ba30a2121ca74325) Importer(815301076,1909f56bfc062723c751e8b465ee728b)  -> (artifact id: 'fd6c69b2fb8799dc71ae79c99f9da15f') in 0.017277 seconds 
  Import took 0.028283 seconds .

========================================================================
Received Import Request.
  Time since last request: 0.934887 seconds.
  path: Assets/Scenes/2022/GW_TestScene
  artifactKey: Guid(0dd1daffd7c4671469fbcbe390df9cba) Importer(815301076,1909f56bfc062723c751e8b465ee728b)
Start importing Assets/Scenes/2022/GW_TestScene using Guid(0dd1daffd7c4671469fbcbe390df9cba) Importer(815301076,1909f56bfc062723c751e8b465ee728b)  -> (artifact id: '20ea8aed9c42612d9ded5a17e2e5fdba') in 0.007348 seconds 
  Import took 0.014254 seconds .

========================================================================
Received Import Request.
  Time since last request: 0.086372 seconds.
  path: Assets/Scenes/2022/GW_TestScene/ReflectionProbe-0.exr
  artifactKey: Guid(5752c2ee0bb17ee40b50bc7f391f1a14) Importer(815301076,1909f56bfc062723c751e8b465ee728b)
Start importing Assets/Scenes/2022/GW_TestScene/ReflectionProbe-0.exr using Guid(5752c2ee0bb17ee40b50bc7f391f1a14) Importer(815301076,1909f56bfc062723c751e8b465ee728b)  -> (artifact id: 'f6649486d22873f0184c01787a4a59ee') in 0.138771 seconds 
  Import took 0.147987 seconds .

========================================================================
Received Import Request.
  Time since last request: 3.448167 seconds.
  path: Assets/Animations
  artifactKey: Guid(7843ccc805d1dc049a27497c24d6fdab) Importer(815301076,1909f56bfc062723c751e8b465ee728b)
Start importing Assets/Animations using Guid(7843ccc805d1dc049a27497c24d6fdab) Importer(815301076,1909f56bfc062723c751e8b465ee728b)  -> (artifact id: '168347368a6f595a3b58e24d472d252d') in 0.009976 seconds 
  Import took 0.017804 seconds .

========================================================================
Received Import Request.
  Time since last request: 4.653755 seconds.
  path: Assets/Animations/EffectExamples
  artifactKey: Guid(93ed2b0e51e52be44b911e3a757a65b1) Importer(815301076,1909f56bfc062723c751e8b465ee728b)
Start importing Assets/Animations/EffectExamples using Guid(93ed2b0e51e52be44b911e3a757a65b1) Importer(815301076,1909f56bfc062723c751e8b465ee728b)  -> (artifact id: 'd7897e540ca424fa61f32bb5c5c3c1c2') in 0.010314 seconds 
  Import took 0.017312 seconds .

========================================================================
Received Import Request.
  Time since last request: 0.083715 seconds.
  path: Assets/Animations/EffectExamples/GreenScreen.mat
  artifactKey: Guid(8d4503e9de2a6574ca33851b96ddd0e0) Importer(815301076,1909f56bfc062723c751e8b465ee728b)
Start importing Assets/Animations/EffectExamples/GreenScreen.mat using Guid(8d4503e9de2a6574ca33851b96ddd0e0) Importer(815301076,1909f56bfc062723c751e8b465ee728b)  -> (artifact id: 'a0e1f40324eb6b2494480bad32bd51c6') in 1.930286 seconds 
  Import took 1.939200 seconds .

========================================================================
Received Import Request.
  Time since last request: 22.536418 seconds.
  path: Assets/Scripts/LookAtActiveCamera.cs
  artifactKey: Guid(32412f6f8c64ae740b39bad730cf439f) Importer(815301076,1909f56bfc062723c751e8b465ee728b)
Start importing Assets/Scripts/LookAtActiveCamera.cs using Guid(32412f6f8c64ae740b39bad730cf439f) Importer(815301076,1909f56bfc062723c751e8b465ee728b)  -> (artifact id: '0c161d4d624c69ada7dfbc9748445ae5') in 0.009440 seconds 
  Import took 0.014969 seconds .

========================================================================
Received Import Request.
  Time since last request: 0.731768 seconds.
  path: Assets/Scripts/Scenario.cs
  artifactKey: Guid(80e083655a0fe8f44b397fe418f78684) Importer(815301076,1909f56bfc062723c751e8b465ee728b)
Start importing Assets/Scripts/Scenario.cs using Guid(80e083655a0fe8f44b397fe418f78684) Importer(815301076,1909f56bfc062723c751e8b465ee728b)  -> (artifact id: '4c56e6c82ad13b08d684bf11f44bf3b7') in 0.007570 seconds 
  Import took 0.017115 seconds .

========================================================================
Received Import Request.
  Time since last request: 39.931271 seconds.
  path: Assets/Scripts/Drones
  artifactKey: Guid(18d4a03d1866774498db6d7493e7640c) Importer(815301076,1909f56bfc062723c751e8b465ee728b)
Start importing Assets/Scripts/Drones using Guid(18d4a03d1866774498db6d7493e7640c) Importer(815301076,1909f56bfc062723c751e8b465ee728b)  -> (artifact id: 'b2b1a854109a0f0d9986e4d6c30a53dc') in 0.006750 seconds 
  Import took 0.015428 seconds .

========================================================================
Received Import Request.
  Time since last request: 1.881567 seconds.
  path: Assets/Scripts/Movement
  artifactKey: Guid(b789489db8466b64e881152fdc953d21) Importer(815301076,1909f56bfc062723c751e8b465ee728b)
Start importing Assets/Scripts/Movement using Guid(b789489db8466b64e881152fdc953d21) Importer(815301076,1909f56bfc062723c751e8b465ee728b)  -> (artifact id: 'bc3994f3a73409987e6aad921ab81b35') in 0.006223 seconds 
  Import took 0.013716 seconds .

========================================================================
Received Import Request.
  Time since last request: 1.777774 seconds.
  path: Assets/Scripts/TrackedObjects
  artifactKey: Guid(d489e50578e5f0c46b983036c2c0fc75) Importer(815301076,1909f56bfc062723c751e8b465ee728b)
Start importing Assets/Scripts/TrackedObjects using Guid(d489e50578e5f0c46b983036c2c0fc75) Importer(815301076,1909f56bfc062723c751e8b465ee728b)  -> (artifact id: '399775909372cc06f263162afbdbdafb') in 0.009281 seconds 
  Import took 0.016218 seconds .

========================================================================
Received Import Request.
  Time since last request: 1.703173 seconds.
  path: Assets/Scripts/TrackedObjects/TrackObjectVisibility.cs
  artifactKey: Guid(6ee9d3d71fa66344fb3d2ac946ad003a) Importer(815301076,1909f56bfc062723c751e8b465ee728b)
Start importing Assets/Scripts/TrackedObjects/TrackObjectVisibility.cs using Guid(6ee9d3d71fa66344fb3d2ac946ad003a) Importer(815301076,1909f56bfc062723c751e8b465ee728b)  -> (artifact id: '709691a3f0eea9a239e0cb75aff9647c') in 0.009947 seconds 
  Import took 0.016877 seconds .

========================================================================
Received Import Request.
  Time since last request: 0.457004 seconds.
  path: Assets/Scripts/TrackedObjects/TrackedObjectManager.cs
  artifactKey: Guid(cc57d6f22acfba5449871ddde88e6172) Importer(815301076,1909f56bfc062723c751e8b465ee728b)
Start importing Assets/Scripts/TrackedObjects/TrackedObjectManager.cs using Guid(cc57d6f22acfba5449871ddde88e6172) Importer(815301076,1909f56bfc062723c751e8b465ee728b)  -> (artifact id: '7662dfe0612ed92b0319e3ec4ff73119') in 0.005880 seconds 
  Import took 0.014332 seconds .

========================================================================
Received Import Request.
  Time since last request: 6.775767 seconds.
  path: Assets/Scripts/Boids
  artifactKey: Guid(027bee1481526794eb3cc83b09737249) Importer(815301076,1909f56bfc062723c751e8b465ee728b)
Start importing Assets/Scripts/Boids using Guid(027bee1481526794eb3cc83b09737249) Importer(815301076,1909f56bfc062723c751e8b465ee728b)  -> (artifact id: '11e61ff5a547b65a2c142e3925a9e3c4') in 0.006036 seconds 
  Import took 0.016975 seconds .

========================================================================
Received Import Request.
  Time since last request: 0.057397 seconds.
  path: Assets/Scripts/Boids/BoidPhysics.physicMaterial
  artifactKey: Guid(502c473a720789a4f93ded6bb49854bf) Importer(815301076,1909f56bfc062723c751e8b465ee728b)
Start importing Assets/Scripts/Boids/BoidPhysics.physicMaterial using Guid(502c473a720789a4f93ded6bb49854bf) Importer(815301076,1909f56bfc062723c751e8b465ee728b)  -> (artifact id: 'ea956caa40591eb0005fc6dd99422260') in 0.009502 seconds 
  Import took 0.016756 seconds .

========================================================================
Received Import Request.
  Time since last request: 0.966022 seconds.
  path: Assets/Scripts/Boids/Wiese_Boids.unity
  artifactKey: Guid(0f3022a9a8c968345b996785600da6af) Importer(815301076,1909f56bfc062723c751e8b465ee728b)
Start importing Assets/Scripts/Boids/Wiese_Boids.unity using Guid(0f3022a9a8c968345b996785600da6af) Importer(815301076,1909f56bfc062723c751e8b465ee728b)  -> (artifact id: '762f9e0ab33ea284d49ced918af5e934') in 0.013097 seconds 
  Import took 0.022502 seconds .

========================================================================
Received Import Request.
  Time since last request: 373.924430 seconds.
  path: Assets/Scripts/Movement/MovingObject_Properties.cs
  artifactKey: Guid(334ceebbb02bd9b41aa319ca46ba16ae) Importer(815301076,1909f56bfc062723c751e8b465ee728b)
Start importing Assets/Scripts/Movement/MovingObject_Properties.cs using Guid(334ceebbb02bd9b41aa319ca46ba16ae) Importer(815301076,1909f56bfc062723c751e8b465ee728b)  -> (artifact id: '9fa57d46ad5e363d6fff5642a3219f9e') in 0.006622 seconds 
  Import took 0.015058 seconds .

========================================================================
Received Prepare
Registering precompiled user dll's ...
Registered in 0.007354 seconds.
Begin MonoManager ReloadAssembly
Native extension for WindowsStandalone target not found
Native extension for WebGL target not found
Refreshing native plugins compatible for Editor in 1.52 ms, found 2 plugins.
Preloading 0 native plugins for Editor in 0.00 ms.
Mono: successfully reloaded assembly
- Completed reload, in  1.750 seconds
Domain Reload Profiling:
	ReloadAssembly (1751ms)
		BeginReloadAssembly (197ms)
			ExecutionOrderSort (0ms)
			DisableScriptedObjects (24ms)
			BackupInstance (0ms)
			ReleaseScriptingObjects (0ms)
			CreateAndSetChildDomain (56ms)
		EndReloadAssembly (1479ms)
			LoadAssemblies (108ms)
			RebuildTransferFunctionScriptingTraits (0ms)
			SetupTypeCache (463ms)
			ReleaseScriptCaches (2ms)
			RebuildScriptCaches (89ms)
			SetupLoadedEditorAssemblies (472ms)
				LogAssemblyErrors (0ms)
				InitializePlatformSupportModulesInManaged (6ms)
				SetLoadedEditorAssemblies (1ms)
				RefreshPlugins (2ms)
				BeforeProcessingInitializeOnLoad (123ms)
				ProcessInitializeOnLoadAttributes (318ms)
				ProcessInitializeOnLoadMethodAttributes (13ms)
				AfterProcessingInitializeOnLoad (8ms)
				EditorAssembliesLoaded (0ms)
			ExecutionOrderSort2 (0ms)
			AwakeInstancesAfterBackupRestoration (11ms)
Platform modules already initialized, skipping
Refreshing native plugins compatible for Editor in 1.03 ms, found 2 plugins.
Preloading 0 native plugins for Editor in 0.00 ms.
Unloading 3972 Unused Serialized files (Serialized files now loaded: 0)
System memory in use before: 198.6 MB.
System memory in use after: 198.9 MB.

Unloading 18 unused Assets to reduce memory usage. Loaded Objects now: 4864.
Total: 5.736500 ms (FindLiveObjects: 0.736200 ms CreateObjectMapping: 0.529000 ms MarkObjects: 4.397700 ms  DeleteObjects: 0.072200 ms)

AssetImportParameters requested are different than current active one (requested -> active):
  custom:framework-win-MediaFoundation: 216162199b28c13a410421893ffa2e32 -> 
  custom:video-decoder-ogg-theora: a1e56fd34408186e4bbccfd4996cb3dc -> 
  custom:container-muxer-webm: aa71ff27fc2769a1b78a27578f13a17b -> 
  custom:container-demuxer-webm: 4f35f7cbe854078d1ac9338744f61a02 -> 
  custom:container-demuxer-ogg: 62fdf1f143b41e24485cea50d1cbac27 -> 
  custom:video-encoder-webm-vp8: eb34c28f22e8b96e1ab97ce403110664 -> 
  custom:video-decoder-webm-vp8: 9c59270c3fd7afecdb556c50c9e8de78 -> 
  custom:audio-decoder-ogg-vorbis: bf7c407c2cedff20999df2af8eb42d56 -> 
  custom:audio-encoder-webm-vorbis: bf7c407c2cedff20999df2af8eb42d56 -> 
========================================================================
Received Prepare
Registering precompiled user dll's ...
Registered in 0.006502 seconds.
Begin MonoManager ReloadAssembly
Native extension for WindowsStandalone target not found
Native extension for WebGL target not found
Refreshing native plugins compatible for Editor in 0.75 ms, found 2 plugins.
Preloading 0 native plugins for Editor in 0.00 ms.
Mono: successfully reloaded assembly
- Completed reload, in  1.492 seconds
Domain Reload Profiling:
	ReloadAssembly (1493ms)
		BeginReloadAssembly (154ms)
			ExecutionOrderSort (0ms)
			DisableScriptedObjects (8ms)
			BackupInstance (0ms)
			ReleaseScriptingObjects (0ms)
			CreateAndSetChildDomain (50ms)
		EndReloadAssembly (1254ms)
			LoadAssemblies (115ms)
			RebuildTransferFunctionScriptingTraits (0ms)
			SetupTypeCache (405ms)
			ReleaseScriptCaches (2ms)
			RebuildScriptCaches (85ms)
			SetupLoadedEditorAssemblies (436ms)
				LogAssemblyErrors (0ms)
				InitializePlatformSupportModulesInManaged (4ms)
				SetLoadedEditorAssemblies (0ms)
				RefreshPlugins (1ms)
				BeforeProcessingInitializeOnLoad (80ms)
				ProcessInitializeOnLoadAttributes (330ms)
				ProcessInitializeOnLoadMethodAttributes (13ms)
				AfterProcessingInitializeOnLoad (8ms)
				EditorAssembliesLoaded (0ms)
			ExecutionOrderSort2 (0ms)
			AwakeInstancesAfterBackupRestoration (22ms)
Platform modules already initialized, skipping
Refreshing native plugins compatible for Editor in 1.07 ms, found 2 plugins.
Preloading 0 native plugins for Editor in 0.00 ms.
Unloading 3959 Unused Serialized files (Serialized files now loaded: 0)
System memory in use before: 198.0 MB.
System memory in use after: 198.3 MB.

Unloading 18 unused Assets to reduce memory usage. Loaded Objects now: 4866.
Total: 3.689200 ms (FindLiveObjects: 0.411400 ms CreateObjectMapping: 0.186300 ms MarkObjects: 3.035700 ms  DeleteObjects: 0.054900 ms)

AssetImportParameters requested are different than current active one (requested -> active):
  custom:framework-win-MediaFoundation: 216162199b28c13a410421893ffa2e32 -> 
  custom:video-decoder-ogg-theora: a1e56fd34408186e4bbccfd4996cb3dc -> 
  custom:container-muxer-webm: aa71ff27fc2769a1b78a27578f13a17b -> 
  custom:container-demuxer-webm: 4f35f7cbe854078d1ac9338744f61a02 -> 
  custom:container-demuxer-ogg: 62fdf1f143b41e24485cea50d1cbac27 -> 
  custom:video-encoder-webm-vp8: eb34c28f22e8b96e1ab97ce403110664 -> 
  custom:video-decoder-webm-vp8: 9c59270c3fd7afecdb556c50c9e8de78 -> 
  custom:audio-decoder-ogg-vorbis: bf7c407c2cedff20999df2af8eb42d56 -> 
  custom:audio-encoder-webm-vorbis: bf7c407c2cedff20999df2af8eb42d56 -> 
AssetImportWorkerClient::OnTransportError - code=2 error=End of file
